<?xml version="1.0" encoding="UTF-8"?>
<!-- Generated by org.testng.reporters.JUnitXMLReporter -->
<testsuite ignored="1" hostname="LW-WIN-7539" failures="2" tests="6" name="Parameterization Example 1" time="0.073" errors="0" timestamp="2023-07-16T03:42:27 IST">
  <testcase classname="TestNG.test2" name="TestC" time="0.0">
    <failure type="org.testng.TestNGException" message="
Parameter &amp;apos;Password&amp;apos; is required by @Test on method TestC but has not been marked @Optional or defined
in C:\Workspace\RahulShettyCourse\testng5.xml">
      <![CDATA[org.testng.TestNGException: 
Parameter 'Password' is required by @Test on method TestC but has not been marked @Optional or defined
in C:\Workspace\RahulShettyCourse\testng5.xml
at java.base/java.util.ArrayList.forEach(ArrayList.java:1511)
... Removed 26 stack frames]]>
    </failure>
  </testcase> <!-- TestC -->
  <testcase classname="TestNG.test2" name="TestD" time="0.002"/>
  <testcase classname="TestNG.test2" name="TestD" time="0.001"/>
  <testcase classname="TestNG.test2" name="TestD" time="0.0"/>
  <testcase classname="TestNG.test3" name="APIHomeLoan" time="0.0">
    <failure type="org.testng.TestNGException" message="
Parameter &amp;apos;Password&amp;apos; is required by @Test on method APIHomeLoan but has not been marked @Optional or defined
in C:\Workspace\RahulShettyCourse\testng5.xml">
      <![CDATA[org.testng.TestNGException: 
Parameter 'Password' is required by @Test on method APIHomeLoan but has not been marked @Optional or defined
in C:\Workspace\RahulShettyCourse\testng5.xml
at java.base/java.util.ArrayList.forEach(ArrayList.java:1511)
... Removed 26 stack frames]]>
    </failure>
  </testcase> <!-- APIHomeLoan -->
  <testcase classname="TestNG.test3" name="WebHomeLoan" time="0.001"/>
  <testcase classname="TestNG.test3" name="MobileHomeLoan" time="0.0">
    <ignored/>
  </testcase> <!-- MobileHomeLoan -->
</testsuite> <!-- Parameterization Example 1 -->
